2025-11-13 20:09:52,747 - __main__ - INFO - Запуск обучения
2025-11-13 20:09:52,747 - phone_price.utils - INFO - Использование конфигурации по умолчанию
2025-11-13 20:09:52,747 - __main__ - INFO - Выбрана модель: random_forest
2025-11-13 20:16:56,333 - __main__ - INFO - Запуск обучения
2025-11-13 20:16:56,334 - phone_price.utils - INFO - Использование конфигурации по умолчанию
2025-11-13 20:16:56,334 - __main__ - INFO - Выбрана модель: random_forest
2025-11-13 20:18:42,752 - __main__ - INFO - Запуск обучения
2025-11-13 20:18:42,754 - phone_price.utils - INFO - Использование конфигурации по умолчанию
2025-11-13 20:18:42,754 - __main__ - INFO - Выбрана модель: random_forest
2025-11-13 20:19:12,225 - __main__ - INFO - Запуск обучения
2025-11-13 20:19:12,235 - phone_price.utils - INFO - Использование конфигурации по умолчанию
2025-11-13 20:19:12,236 - __main__ - INFO - Выбрана модель: random_forest
2025-11-13 20:21:12,879 - __main__ - INFO - Запуск обучения
2025-11-13 20:21:12,879 - phone_price.utils - INFO - Использование конфигурации по умолчанию
2025-11-13 20:21:12,880 - __main__ - INFO - Выбрана модель: random_forest
2025-11-13 20:24:39,133 - __main__ - INFO - Запуск обучения
2025-11-13 20:24:39,133 - phone_price.utils - INFO - Использование конфигурации по умолчанию
2025-11-13 20:24:39,134 - __main__ - INFO - Выбрана модель: random_forest
2025-11-13 20:25:12,528 - __main__ - INFO - Запуск обучения
2025-11-13 20:25:12,529 - phone_price.utils - INFO - Использование конфигурации по умолчанию
2025-11-13 20:25:12,529 - __main__ - INFO - Выбрана модель: random_forest
2025-11-13 20:26:02,623 - __main__ - INFO - Запуск обучения
2025-11-13 20:26:02,624 - phone_price.utils - INFO - Использование конфигурации по умолчанию
2025-11-13 20:26:02,624 - __main__ - INFO - Выбрана модель: random_forest
2025-11-13 20:26:55,323 - __main__ - INFO - Запуск обучения
2025-11-13 20:26:55,323 - phone_price.utils - INFO - Использование конфигурации по умолчанию
2025-11-13 20:26:55,323 - __main__ - INFO - Выбрана модель: random_forest
2025-11-13 20:28:32,654 - __main__ - INFO - Запуск обучения
2025-11-13 20:28:32,654 - phone_price.utils - INFO - Использование конфигурации по умолчанию
2025-11-13 20:28:32,656 - __main__ - INFO - Выбрана модель: random_forest
2025-11-13 20:29:41,831 - __main__ - INFO - Запуск обучения
2025-11-13 20:29:41,831 - phone_price.utils - INFO - Использование конфигурации по умолчанию
2025-11-13 20:29:41,832 - __main__ - INFO - Выбрана модель: random_forest
2025-11-13 20:29:55,152 - __main__ - INFO - Запуск обучения
2025-11-13 20:29:55,152 - phone_price.utils - INFO - Загрузка конфигурации из D:\Documents\phone-prices\src\config\default.yaml
2025-11-13 20:29:55,168 - __main__ - INFO - Выбрана модель: random_forest
2025-11-13 20:29:55,169 - __main__ - INFO - Загрузка данных.
2025-11-13 20:29:55,169 - phone_price.data_loader - INFO - Загрузка данных из D:\Documents\phone-prices\data\train.csv
2025-11-13 20:29:55,227 - phone_price.data_loader - INFO - Данные успешно загружены. Размер: (2000, 21)
2025-11-13 20:29:55,227 - __main__ - INFO - Предобработка данных..
2025-11-13 20:29:55,228 - phone_price.data_preprocessor - INFO - Начало предобработки данных
2025-11-13 20:29:55,253 - phone_price.data_preprocessor - INFO - Предобработка данных завершена
2025-11-13 20:29:55,254 - __main__ - INFO - Обучение модели random_forest....
2025-11-13 20:29:55,254 - phone_price.model_trainer - INFO - Обучение модели: random_forest
2025-11-13 20:29:55,254 - phone_price.model_trainer - INFO - Создана модель random_forest с параметрами: {'n_estimators': 100, 'max_depth': 10}
2025-11-13 20:29:55,671 - phone_price.model_trainer - INFO - Train Accuracy: 0.9994, Test Accuracy: 0.8925
2025-11-13 20:29:55,671 - __main__ - INFO -  Обучение завершено! Модель: random_forest
2025-11-13 20:29:55,671 - __main__ - INFO -  Train Accuracy: 0.9994
2025-11-13 20:29:55,671 - __main__ - INFO -  Test Accuracy: 0.8925
2025-11-13 20:29:55,672 - __main__ - ERROR -  Ошибка: cannot access local variable 'model_path' where it is not associated with a value
2025-11-13 20:30:34,856 - __main__ - INFO - Запуск обучения
2025-11-13 20:30:34,856 - phone_price.utils - INFO - Загрузка конфигурации из D:\Documents\phone-prices\src\config\default.yaml
2025-11-13 20:30:34,858 - __main__ - INFO - Выбрана модель: random_forest
2025-11-13 20:30:34,859 - __main__ - INFO - Загрузка данных.
2025-11-13 20:30:34,859 - phone_price.data_loader - INFO - Загрузка данных из D:\Documents\phone-prices\data\train.csv
2025-11-13 20:30:34,871 - phone_price.data_loader - INFO - Данные успешно загружены. Размер: (2000, 21)
2025-11-13 20:30:34,871 - __main__ - INFO - Предобработка данных..
2025-11-13 20:30:34,872 - phone_price.data_preprocessor - INFO - Начало предобработки данных
2025-11-13 20:30:34,881 - phone_price.data_preprocessor - INFO - Предобработка данных завершена
2025-11-13 20:30:34,882 - __main__ - INFO - Обучение модели random_forest....
2025-11-13 20:30:34,882 - phone_price.model_trainer - INFO - Обучение модели: random_forest
2025-11-13 20:30:34,883 - phone_price.model_trainer - INFO - Создана модель random_forest с параметрами: {'n_estimators': 100, 'max_depth': 10}
2025-11-13 20:30:35,271 - phone_price.model_trainer - INFO - Train Accuracy: 0.9994, Test Accuracy: 0.8925
2025-11-13 20:30:35,271 - __main__ - INFO -  Обучение завершено! Модель: random_forest
2025-11-13 20:30:35,271 - __main__ - INFO -  Train Accuracy: 0.9994
2025-11-13 20:30:35,271 - __main__ - INFO -  Test Accuracy: 0.8925
2025-11-13 20:32:26,399 - __main__ - INFO - Запуск обучения
2025-11-13 20:32:26,399 - phone_price.utils - INFO - Загрузка конфигурации из D:\Documents\phone-prices\src\config\default.yaml
2025-11-13 20:32:26,410 - __main__ - INFO - Выбрана модель: random_forest
2025-11-13 20:32:26,422 - phone_price.model_saver - INFO -  Создана директория для модели: D:\Documents\phone-prices\models\20251113_203226
2025-11-13 20:32:26,422 - __main__ - INFO - Загрузка данных.
2025-11-13 20:32:26,422 - phone_price.data_loader - INFO - Загрузка данных из D:\Documents\phone-prices\data\train.csv
2025-11-13 20:32:26,436 - phone_price.data_loader - INFO - Данные успешно загружены. Размер: (2000, 21)
2025-11-13 20:32:26,437 - __main__ - INFO - Предобработка данных..
2025-11-13 20:32:26,437 - phone_price.data_preprocessor - INFO - Начало предобработки данных
2025-11-13 20:32:26,449 - phone_price.data_preprocessor - INFO - Предобработка данных завершена
2025-11-13 20:32:26,449 - __main__ - INFO - Обучение модели random_forest....
2025-11-13 20:32:26,450 - phone_price.model_trainer - INFO - Обучение модели: random_forest
2025-11-13 20:32:26,451 - phone_price.model_trainer - INFO - Создана модель random_forest с параметрами: {'n_estimators': 100, 'max_depth': 10}
2025-11-13 20:32:26,837 - phone_price.model_trainer - INFO - Train Accuracy: 0.9994, Test Accuracy: 0.8925
2025-11-13 20:32:26,838 - __main__ - INFO -  Обучение завершено! Модель: random_forest
2025-11-13 20:32:26,838 - __main__ - INFO -  Train Accuracy: 0.9994
2025-11-13 20:32:26,838 - __main__ - INFO -  Test Accuracy: 0.8925
2025-11-13 20:32:26,838 - __main__ - INFO - Сохранение модели....
2025-11-13 20:32:26,838 - phone_price.model_saver - INFO -  Сохранение модели random_forest
2025-11-13 20:32:26,888 - phone_price.model_saver - INFO -  Модель сохранена: D:\Documents\phone-prices\models\20251113_203226\random_forest_model.pkl
2025-11-13 20:32:26,889 - phone_price.model_saver - INFO -  Preprocessor сохранен: D:\Documents\phone-prices\models\20251113_203226\preprocessor.pkl
2025-11-13 20:32:26,891 - phone_price.model_saver - INFO -  Конфигурация сохранена: D:\Documents\phone-prices\models\20251113_203226\config.yaml
2025-11-13 20:32:26,893 - phone_price.model_saver - INFO - Результаты сохранены: D:\Documents\phone-prices\models\20251113_203226\training_results.json
2025-11-13 20:32:26,893 - __main__ - INFO -  Модель сохранена в: D:\Documents\phone-prices\models\20251113_203226
